Mon Jun 25 15:49:53 IST 2018 : Apache Derby Network Server - 10.11.1.2 - (1629631) started and ready to accept connections on port 1527
----------------------------------------------------------------
Mon Jun 25 15:49:54 IST 2018:
Booting Derby version The Apache Software Foundation - Apache Derby - 10.11.1.2 - (1629631): instance a816c00e-0164-3674-fbf2-ffffee9d9387 
on database directory E:\AnandS\database\UserAccounts with class loader sun.misc.Launcher$AppClassLoader@60e53b93 
Loaded from file:/C:/Program%20Files/Java/jdk1.8.0_45/db/lib/derby.jar
java.vendor=Oracle Corporation
java.runtime.version=1.8.0_45-b15
user.dir=C:\Program Files\Java\jdk1.8.0_45\db
os.name=Windows 8.1
os.arch=amd64
os.version=6.3
derby.system.home=E:\AnandS\database
Database Class Loader started - derby.database.classpath=''
----------------------------------------------------------------
Mon Jun 25 15:49:59 IST 2018:
Shutting down instance a816c00e-0164-3674-fbf2-ffffee9d9387 on database directory E:\AnandS\database\UserAccounts with class loader sun.misc.Launcher$AppClassLoader@60e53b93 
Mon Jun 25 15:49:59 IST 2018 Thread[DRDAConnThread_2,5,main] (DATABASE = UserAccounts), (DRDAID = {2}), Database 'UserAccounts' shutdown.
----------------------------------------------------------------
Mon Jun 25 16:17:21 IST 2018:
Booting Derby version The Apache Software Foundation - Apache Derby - 10.11.1.2 - (1629631): instance a65c80ac-0164-3674-fbf2-ffffee9d9387 
on database directory E:\AnandS\database\UserAccounts with class loader sun.misc.Launcher$AppClassLoader@60e53b93 
Loaded from file:/C:/Program%20Files/Java/jdk1.8.0_45/db/lib/derby.jar
java.vendor=Oracle Corporation
java.runtime.version=1.8.0_45-b15
user.dir=C:\Program Files\Java\jdk1.8.0_45\db
os.name=Windows 8.1
os.arch=amd64
os.version=6.3
derby.system.home=E:\AnandS\database
Database Class Loader started - derby.database.classpath=''
Mon Jun 25 16:17:21 IST 2018 Thread[DRDAConnThread_2,5,main] (XID = 182), (SESSIONID = 0), (DATABASE = UserAccounts), (DRDAID = {3}), Cleanup action starting
java.sql.SQLNonTransientConnectionException: Connection authentication failure occurred.  Reason: Invalid authentication..
	at org.apache.derby.impl.jdbc.SQLExceptionFactory.getSQLException(Unknown Source)
	at org.apache.derby.impl.jdbc.SQLExceptionFactory.getSQLException(Unknown Source)
	at org.apache.derby.impl.jdbc.Util.generateCsSQLException(Unknown Source)
	at org.apache.derby.impl.jdbc.Util.generateCsSQLException(Unknown Source)
	at org.apache.derby.impl.jdbc.EmbedConnection.newSQLException(Unknown Source)
	at org.apache.derby.impl.jdbc.EmbedConnection.checkUserCredentials(Unknown Source)
	at org.apache.derby.impl.jdbc.EmbedConnection.<init>(Unknown Source)
	at org.apache.derby.jdbc.InternalDriver.getNewEmbedConnection(Unknown Source)
	at org.apache.derby.jdbc.InternalDriver.connect(Unknown Source)
	at org.apache.derby.jdbc.InternalDriver.connect(Unknown Source)
	at org.apache.derby.jdbc.EmbeddedDriver.connect(Unknown Source)
	at org.apache.derby.impl.drda.Database.makeConnection(Unknown Source)
	at org.apache.derby.impl.drda.DRDAConnThread.getConnFromDatabaseName(Unknown Source)
	at org.apache.derby.impl.drda.DRDAConnThread.verifyUserIdPassword(Unknown Source)
	at org.apache.derby.impl.drda.DRDAConnThread.parseSECCHK(Unknown Source)
	at org.apache.derby.impl.drda.DRDAConnThread.parseDRDAConnection(Unknown Source)
	at org.apache.derby.impl.drda.DRDAConnThread.processCommands(Unknown Source)
	at org.apache.derby.impl.drda.DRDAConnThread.run(Unknown Source)
Caused by: ERROR 08004: Connection authentication failure occurred.  Reason: Invalid authentication..
	at org.apache.derby.iapi.error.StandardException.newException(Unknown Source)
	at org.apache.derby.impl.jdbc.SQLExceptionFactory.wrapArgsForTransportAcrossDRDA(Unknown Source)
	... 18 more
============= begin nested exception, level (1) ===========
ERROR 08004: Connection authentication failure occurred.  Reason: Invalid authentication..
	at org.apache.derby.iapi.error.StandardException.newException(Unknown Source)
	at org.apache.derby.impl.jdbc.SQLExceptionFactory.wrapArgsForTransportAcrossDRDA(Unknown Source)
	at org.apache.derby.impl.jdbc.SQLExceptionFactory.getSQLException(Unknown Source)
	at org.apache.derby.impl.jdbc.SQLExceptionFactory.getSQLException(Unknown Source)
	at org.apache.derby.impl.jdbc.Util.generateCsSQLException(Unknown Source)
	at org.apache.derby.impl.jdbc.Util.generateCsSQLException(Unknown Source)
	at org.apache.derby.impl.jdbc.EmbedConnection.newSQLException(Unknown Source)
	at org.apache.derby.impl.jdbc.EmbedConnection.checkUserCredentials(Unknown Source)
	at org.apache.derby.impl.jdbc.EmbedConnection.<init>(Unknown Source)
	at org.apache.derby.jdbc.InternalDriver.getNewEmbedConnection(Unknown Source)
	at org.apache.derby.jdbc.InternalDriver.connect(Unknown Source)
	at org.apache.derby.jdbc.InternalDriver.connect(Unknown Source)
	at org.apache.derby.jdbc.EmbeddedDriver.connect(Unknown Source)
	at org.apache.derby.impl.drda.Database.makeConnection(Unknown Source)
	at org.apache.derby.impl.drda.DRDAConnThread.getConnFromDatabaseName(Unknown Source)
	at org.apache.derby.impl.drda.DRDAConnThread.verifyUserIdPassword(Unknown Source)
	at org.apache.derby.impl.drda.DRDAConnThread.parseSECCHK(Unknown Source)
	at org.apache.derby.impl.drda.DRDAConnThread.parseDRDAConnection(Unknown Source)
	at org.apache.derby.impl.drda.DRDAConnThread.processCommands(Unknown Source)
	at org.apache.derby.impl.drda.DRDAConnThread.run(Unknown Source)
============= end nested exception, level (1) ===========
Cleanup action completed
Mon Jun 25 16:17:21 IST 2018 Thread[DRDAConnThread_2,5,main] (DATABASE = UserAccounts), (DRDAID = {3}), Connection authentication failure occurred.  Reason: Invalid authentication..
----------------------------------------------------------------
Mon Jun 25 16:53:07 IST 2018: Shutting down Derby engine
----------------------------------------------------------------
Mon Jun 25 16:53:07 IST 2018:
Shutting down instance a65c80ac-0164-3674-fbf2-ffffee9d9387 on database directory E:\AnandS\database\UserAccounts with class loader sun.misc.Launcher$AppClassLoader@60e53b93 
----------------------------------------------------------------
